<?xml version="1.0" encoding="UTF-8"?>
<!-- Generated by org.testng.reporters.JUnitXMLReporter -->
<testsuite hostname="DESKTOP-BB6LDD0" ignored="0" name="Test4" tests="2" failures="2" timestamp="2021-05-16T16:29:04 IST" time="5.004" errors="0">
  <testcase name="basePageTest" time="0.05" classname="Academy.validateTitle">
    <failure type="java.lang.AssertionError" message="expected [FEATURED COURSES123] but found [FEATURED COURSES]">
      <![CDATA[java.lang.AssertionError: expected [FEATURED COURSES123] but found [FEATURED COURSES]
at Academy.validateTitle.basePageTest(validateTitle.java:32)
at java.util.ArrayList.forEach(Unknown Source)
... Removed 33 stack frames]]>
    </failure>
  </testcase> <!-- basePageTest -->
  <testcase name="basePageTest" time="0.06" classname="Academy.validateTitle">
    <failure type="java.lang.NullPointerException">
      <![CDATA[java.lang.NullPointerException
at resources.base.getScreenshotPath(base.java:52)
at Academy.Listeners.onTestFailure(Listeners.java:43)
at java.util.ArrayList.forEach(Unknown Source)
... Removed 24 stack frames]]>
    </failure>
  </testcase> <!-- basePageTest -->
</testsuite> <!-- Test4 -->
