<?xml version="1.0" encoding="UTF-8"?>
<!-- Generated by org.testng.reporters.JUnitXMLReporter -->
<testsuite hostname="DESKTOP-BB6LDD0" ignored="0" name="Test" tests="4" failures="0" timestamp="2021-05-01T12:13:21 IST" time="113.692" errors="0">
  <testcase name="basePageTest" time="0.24" classname="Academy.validateNavBar"/>
  <testcase name="basePageTest" time="33.901" classname="Academy.HomePage"/>
  <testcase name="basePageTest" time="52.3" classname="Academy.HomePage"/>
  <testcase name="basePageTest" time="0.068" classname="Academy.validateTitle"/>
</testsuite> <!-- Test -->
