<?xml version="1.0" encoding="UTF-8"?>
<testng-results skipped="0" failed="0" ignored="0" total="4" passed="4">
  <reporter-output>
  </reporter-output>
  <suite name="Suite" duration-ms="26756" started-at="2021-05-06T15:07:56 IST" finished-at="2021-05-06T15:08:22 IST">
    <groups>
    </groups>
    <test name="Test1" duration-ms="15" started-at="2021-05-06T15:07:56 IST" finished-at="2021-05-06T15:07:56 IST">
    </test> <!-- Test1 -->
    <test name="Test2" duration-ms="11865" started-at="2021-05-06T15:07:56 IST" finished-at="2021-05-06T15:08:08 IST">
      <class name="Academy.HomePage">
        <test-method status="PASS" signature="initialize()[pri:0, instance:Academy.HomePage@269f4bad]" name="initialize" is-config="true" duration-ms="3193" started-at="2021-05-06T15:07:56 IST" finished-at="2021-05-06T15:07:59 IST">
          <reporter-output>
          </reporter-output>
        </test-method> <!-- initialize -->
        <test-method status="PASS" signature="basePageTest(java.lang.String,java.lang.String,java.lang.String)[pri:0, instance:Academy.HomePage@269f4bad]" name="basePageTest" duration-ms="5067" started-at="2021-05-06T15:07:59 IST" data-provider="getData" finished-at="2021-05-06T15:08:04 IST">
          <params>
            <param index="0">
              <value>
                <![CDATA[nonrestricted@gmail.com]]>
              </value>
            </param>
            <param index="1">
              <value>
                <![CDATA[1234]]>
              </value>
            </param>
            <param index="2">
              <value>
                <![CDATA[non restricted user]]>
              </value>
            </param>
          </params>
          <reporter-output>
          </reporter-output>
        </test-method> <!-- basePageTest -->
        <test-method status="PASS" signature="basePageTest(java.lang.String,java.lang.String,java.lang.String)[pri:0, instance:Academy.HomePage@269f4bad]" name="basePageTest" duration-ms="3405" started-at="2021-05-06T15:08:04 IST" data-provider="getData" finished-at="2021-05-06T15:08:07 IST">
          <params>
            <param index="0">
              <value>
                <![CDATA[restricted@gmail.com]]>
              </value>
            </param>
            <param index="1">
              <value>
                <![CDATA[1234]]>
              </value>
            </param>
            <param index="2">
              <value>
                <![CDATA[restricted user]]>
              </value>
            </param>
          </params>
          <reporter-output>
          </reporter-output>
        </test-method> <!-- basePageTest -->
        <test-method status="PASS" signature="teardown()[pri:0, instance:Academy.HomePage@269f4bad]" name="teardown" is-config="true" duration-ms="125" started-at="2021-05-06T15:08:07 IST" finished-at="2021-05-06T15:08:08 IST">
          <reporter-output>
          </reporter-output>
        </test-method> <!-- teardown -->
      </class> <!-- Academy.HomePage -->
    </test> <!-- Test2 -->
    <test name="Test3" duration-ms="5230" started-at="2021-05-06T15:08:08 IST" finished-at="2021-05-06T15:08:13 IST">
      <class name="Academy.validateNavBar">
        <test-method status="PASS" signature="initialize()[pri:0, instance:Academy.validateNavBar@5b64c4b7]" name="initialize" is-config="true" duration-ms="4932" started-at="2021-05-06T15:08:08 IST" finished-at="2021-05-06T15:08:13 IST">
          <reporter-output>
          </reporter-output>
        </test-method> <!-- initialize -->
        <test-method status="PASS" signature="basePageTest()[pri:0, instance:Academy.validateNavBar@5b64c4b7]" name="basePageTest" duration-ms="130" started-at="2021-05-06T15:08:13 IST" finished-at="2021-05-06T15:08:13 IST">
          <reporter-output>
          </reporter-output>
        </test-method> <!-- basePageTest -->
        <test-method status="PASS" signature="teardown()[pri:0, instance:Academy.validateNavBar@5b64c4b7]" name="teardown" is-config="true" duration-ms="166" started-at="2021-05-06T15:08:13 IST" finished-at="2021-05-06T15:08:13 IST">
          <reporter-output>
          </reporter-output>
        </test-method> <!-- teardown -->
      </class> <!-- Academy.validateNavBar -->
    </test> <!-- Test3 -->
    <test name="Test4" duration-ms="9601" started-at="2021-05-06T15:08:13 IST" finished-at="2021-05-06T15:08:22 IST">
      <class name="Academy.validateTitle">
        <test-method status="PASS" signature="initialize()[pri:0, instance:Academy.validateTitle@458342d3]" name="initialize" is-config="true" duration-ms="5317" started-at="2021-05-06T15:08:13 IST" finished-at="2021-05-06T15:08:18 IST">
          <reporter-output>
          </reporter-output>
        </test-method> <!-- initialize -->
        <test-method status="PASS" signature="basePageTest()[pri:0, instance:Academy.validateTitle@458342d3]" name="basePageTest" duration-ms="105" started-at="2021-05-06T15:08:18 IST" finished-at="2021-05-06T15:08:18 IST">
          <reporter-output>
          </reporter-output>
        </test-method> <!-- basePageTest -->
        <test-method status="PASS" signature="teardown()[pri:0, instance:Academy.validateTitle@458342d3]" name="teardown" is-config="true" duration-ms="4174" started-at="2021-05-06T15:08:18 IST" finished-at="2021-05-06T15:08:22 IST">
          <reporter-output>
          </reporter-output>
        </test-method> <!-- teardown -->
      </class> <!-- Academy.validateTitle -->
    </test> <!-- Test4 -->
  </suite> <!-- Suite -->
</testng-results>
